0 info it worked if it ends with ok
1 verbose cli [ '/Users/fengxuting/.nvm/versions/node/v6.10.1/bin/node',
1 verbose cli   '/Users/fengxuting/.nvm/versions/node/v6.10.1/bin/npm',
1 verbose cli   'run',
1 verbose cli   'clean' ]
2 info using npm@3.10.10
3 info using node@v6.10.1
4 verbose run-script [ 'preclean', 'clean', 'postclean' ]
5 info lifecycle @loopback/example-todo@0.20.2~preclean: @loopback/example-todo@0.20.2
6 silly lifecycle @loopback/example-todo@0.20.2~preclean: no script for preclean, continuing
7 info lifecycle @loopback/example-todo@0.20.2~clean: @loopback/example-todo@0.20.2
8 verbose lifecycle @loopback/example-todo@0.20.2~clean: unsafe-perm in lifecycle true
9 verbose lifecycle @loopback/example-todo@0.20.2~clean: PATH: /Users/fengxuting/.nvm/versions/node/v6.10.1/lib/node_modules/npm/bin/node-gyp-bin:/Users/fengxuting/Node/loopback4-example-todo/node_modules/.bin:/Users/fengxuting/.jenv/shims:/Users/fengxuting/.jenv/bin:/Users/fengxuting/Node/cocos2d-x-3.14.1/templates:/Users/fengxuting/Node:/Users/fengxuting/Node/cocos2d-x-3.14.1/tools/cocos2d-console/bin:/Users/fengxuting/.nvm/versions/node/v6.10.1/bin:/Applications/Visual Studio Code.app/Contents/Resources/app/bin:/usr/local/go/bin:/Users/fengxuting/bin:/usr/local/bin:/usr/local/bin:/usr/bin:/bin:/usr/sbin:/sbin:/usr/texbin:/usr/local/go/bin:/opt/X11/bin:/Users/fengxuting/gradle-2.3/bin:/usr/local/mysql/bin
10 verbose lifecycle @loopback/example-todo@0.20.2~clean: CWD: /Users/fengxuting/Node/loopback4-example-todo
11 silly lifecycle @loopback/example-todo@0.20.2~clean: Args: [ '-c', 'lb-clean *example-todo*.tgz dist* package api-docs' ]
12 silly lifecycle @loopback/example-todo@0.20.2~clean: Returned: code: 1  signal: null
13 info lifecycle @loopback/example-todo@0.20.2~clean: Failed to exec clean script
14 verbose stack Error: @loopback/example-todo@0.20.2 clean: `lb-clean *example-todo*.tgz dist* package api-docs`
14 verbose stack Exit status 1
14 verbose stack     at EventEmitter.<anonymous> (/Users/fengxuting/.nvm/versions/node/v6.10.1/lib/node_modules/npm/lib/utils/lifecycle.js:255:16)
14 verbose stack     at emitTwo (events.js:106:13)
14 verbose stack     at EventEmitter.emit (events.js:191:7)
14 verbose stack     at ChildProcess.<anonymous> (/Users/fengxuting/.nvm/versions/node/v6.10.1/lib/node_modules/npm/lib/utils/spawn.js:40:14)
14 verbose stack     at emitTwo (events.js:106:13)
14 verbose stack     at ChildProcess.emit (events.js:191:7)
14 verbose stack     at maybeClose (internal/child_process.js:886:16)
14 verbose stack     at Process.ChildProcess._handle.onexit (internal/child_process.js:226:5)
15 verbose pkgid @loopback/example-todo@0.20.2
16 verbose cwd /Users/fengxuting/Node/loopback4-example-todo
17 error Darwin 17.7.0
18 error argv "/Users/fengxuting/.nvm/versions/node/v6.10.1/bin/node" "/Users/fengxuting/.nvm/versions/node/v6.10.1/bin/npm" "run" "clean"
19 error node v6.10.1
20 error npm  v3.10.10
21 error code ELIFECYCLE
22 error @loopback/example-todo@0.20.2 clean: `lb-clean *example-todo*.tgz dist* package api-docs`
22 error Exit status 1
23 error Failed at the @loopback/example-todo@0.20.2 clean script 'lb-clean *example-todo*.tgz dist* package api-docs'.
23 error Make sure you have the latest version of node.js and npm installed.
23 error If you do, this is most likely a problem with the @loopback/example-todo package,
23 error not with npm itself.
23 error Tell the author that this fails on your system:
23 error     lb-clean *example-todo*.tgz dist* package api-docs
23 error You can get information on how to open an issue for this project with:
23 error     npm bugs @loopback/example-todo
23 error Or if that isn't available, you can get their info via:
23 error     npm owner ls @loopback/example-todo
23 error There is likely additional logging output above.
24 verbose exit [ 1, true ]
